<?xml version="1.0" encoding="UTF-8"?>
<!-- Generated by org.testng.reporters.JUnitReportReporter -->
<testsuite hostname="SriRamKumar" failures="0" tests="1" name="demo.Launchinggoogle" time="4.144" errors="0" timestamp="2025-07-17T18:33:59 IST" skipped="0">
  <testcase classname="demo.Launchinggoogle" name="demo" time="4.144"/>
</testsuite> <!-- demo.Launchinggoogle -->
