<?xml version="1.0" encoding="UTF-8"?>
<!-- Generated by org.testng.reporters.JUnitReportReporter -->
<testsuite hostname="SriRamKumar" failures="0" tests="1" name="demo.Launchinggoogle" time="4.998" errors="0" timestamp="2025-07-16T18:16:12 IST" skipped="0">
  <testcase classname="demo.Launchinggoogle" name="demo" time="4.998"/>
</testsuite> <!-- demo.Launchinggoogle -->
