<?xml version="1.0" encoding="UTF-8"?>
<!-- Generated by org.testng.reporters.JUnitReportReporter -->
<testsuite hostname="SriRamKumar" failures="0" tests="1" name="demo.Launchinggoogle" time="2.812" errors="0" timestamp="2025-07-02T21:13:39 IST" skipped="0">
  <testcase classname="demo.Launchinggoogle" name="demo" time="2.812"/>
</testsuite> <!-- demo.Launchinggoogle -->
